<?xml version="1.0" encoding="UTF-8"?>
<coverage generated="1658587198641" clover="3.2.0">
  <project timestamp="1658587198641" name="All files">
    <metrics statements="44" coveredstatements="23" conditionals="6" coveredconditionals="2" methods="14" coveredmethods="7" elements="64" coveredelements="32" complexity="0" loc="44" ncloc="44" packages="1" files="2" classes="2"/>
    <file name="Account.js" path="/Users/romanusov/code/js_studies/atm-cli-unit-test/src/Account.js">
      <metrics statements="29" coveredstatements="20" conditionals="2" coveredconditionals="2" methods="8" coveredmethods="7"/>
      <line num="1" count="1" type="stmt"/>
      <line num="4" count="1" type="stmt"/>
      <line num="10" count="3" type="stmt"/>
      <line num="14" count="7" type="stmt"/>
      <line num="18" count="5" type="stmt"/>
      <line num="22" count="7" type="stmt"/>
      <line num="26" count="3" type="stmt"/>
      <line num="39" count="3" type="stmt"/>
      <line num="41" count="3" type="stmt"/>
      <line num="42" count="3" type="stmt"/>
      <line num="43" count="3" type="stmt"/>
      <line num="45" count="0" type="stmt"/>
      <line num="50" count="0" type="stmt"/>
      <line num="52" count="0" type="stmt"/>
      <line num="53" count="0" type="stmt"/>
      <line num="55" count="0" type="stmt"/>
      <line num="57" count="0" type="stmt"/>
      <line num="59" count="0" type="stmt"/>
      <line num="64" count="1" type="stmt"/>
      <line num="67" count="1" type="stmt"/>
      <line num="68" count="1" type="stmt"/>
      <line num="69" count="1" type="stmt"/>
      <line num="71" count="0" type="stmt"/>
      <line num="76" count="2" type="cond" truecount="2" falsecount="0"/>
      <line num="78" count="1" type="stmt"/>
      <line num="81" count="1" type="stmt"/>
      <line num="82" count="1" type="stmt"/>
      <line num="83" count="1" type="stmt"/>
      <line num="85" count="0" type="stmt"/>
    </file>
    <file name="FileSystem.js" path="/Users/romanusov/code/js_studies/atm-cli-unit-test/src/FileSystem.js">
      <metrics statements="15" coveredstatements="3" conditionals="4" coveredconditionals="0" methods="6" coveredmethods="0"/>
      <line num="1" count="1" type="stmt"/>
      <line num="2" count="1" type="stmt"/>
      <line num="4" count="1" type="stmt"/>
      <line num="6" count="0" type="stmt"/>
      <line num="7" count="0" type="stmt"/>
      <line num="8" count="0" type="stmt"/>
      <line num="9" count="0" type="cond" truecount="0" falsecount="2"/>
      <line num="10" count="0" type="stmt"/>
      <line num="12" count="0" type="stmt"/>
      <line num="18" count="0" type="stmt"/>
      <line num="19" count="0" type="stmt"/>
      <line num="20" count="0" type="stmt"/>
      <line num="21" count="0" type="cond" truecount="0" falsecount="2"/>
      <line num="22" count="0" type="stmt"/>
      <line num="24" count="0" type="stmt"/>
    </file>
  </project>
</coverage>
