{"/Users/romanusov/code/js_studies/atm-cli-unit-test/src/Account.js": {"path":"/Users/romanusov/code/js_studies/atm-cli-unit-test/src/Account.js","statementMap":{"0":{"start":{"line":1,"column":19},"end":{"line":1,"column":42}},"1":{"start":{"line":4,"column":0},"end":{"line":88,"column":2}},"2":{"start":{"line":10,"column":4},"end":{"line":10,"column":22}},"3":{"start":{"line":14,"column":4},"end":{"line":14,"column":22}},"4":{"start":{"line":18,"column":4},"end":{"line":18,"column":25}},"5":{"start":{"line":22,"column":4},"end":{"line":22,"column":39}},"6":{"start":{"line":26,"column":4},"end":{"line":26,"column":69}},"7":{"start":{"line":39,"column":20},"end":{"line":39,"column":44}},"8":{"start":{"line":41,"column":4},"end":{"line":46,"column":5}},"9":{"start":{"line":42,"column":6},"end":{"line":42,"column":28}},"10":{"start":{"line":43,"column":6},"end":{"line":43,"column":21}},"11":{"start":{"line":45,"column":6},"end":{"line":45,"column":18}},"12":{"start":{"line":50,"column":20},"end":{"line":50,"column":44}},"13":{"start":{"line":52,"column":4},"end":{"line":60,"column":5}},"14":{"start":{"line":53,"column":6},"end":{"line":53,"column":50}},"15":{"start":{"line":55,"column":6},"end":{"line":55,"column":27}},"16":{"start":{"line":57,"column":6},"end":{"line":57,"column":21}},"17":{"start":{"line":59,"column":6},"end":{"line":59,"column":18}},"18":{"start":{"line":64,"column":22},"end":{"line":64,"column":44}},"19":{"start":{"line":67,"column":4},"end":{"line":72,"column":5}},"20":{"start":{"line":68,"column":6},"end":{"line":68,"column":55}},"21":{"start":{"line":69,"column":6},"end":{"line":69,"column":32}},"22":{"start":{"line":71,"column":6},"end":{"line":71,"column":27}},"23":{"start":{"line":76,"column":4},"end":{"line":76,"column":49}},"24":{"start":{"line":76,"column":31},"end":{"line":76,"column":49}},"25":{"start":{"line":78,"column":22},"end":{"line":78,"column":44}},"26":{"start":{"line":81,"column":4},"end":{"line":86,"column":5}},"27":{"start":{"line":82,"column":6},"end":{"line":82,"column":55}},"28":{"start":{"line":83,"column":6},"end":{"line":83,"column":32}},"29":{"start":{"line":85,"column":6},"end":{"line":85,"column":27}}},"fnMap":{"0":{"name":"(anonymous_0)","decl":{"start":{"line":9,"column":2},"end":{"line":9,"column":3}},"loc":{"start":{"line":9,"column":20},"end":{"line":11,"column":3}},"line":9},"1":{"name":"(anonymous_1)","decl":{"start":{"line":13,"column":2},"end":{"line":13,"column":3}},"loc":{"start":{"line":13,"column":13},"end":{"line":15,"column":3}},"line":13},"2":{"name":"(anonymous_2)","decl":{"start":{"line":17,"column":2},"end":{"line":17,"column":3}},"loc":{"start":{"line":17,"column":16},"end":{"line":19,"column":3}},"line":17},"3":{"name":"(anonymous_3)","decl":{"start":{"line":21,"column":2},"end":{"line":21,"column":3}},"loc":{"start":{"line":21,"column":17},"end":{"line":23,"column":3}},"line":21},"4":{"name":"(anonymous_4)","decl":{"start":{"line":38,"column":2},"end":{"line":38,"column":3}},"loc":{"start":{"line":38,"column":33},"end":{"line":47,"column":3}},"line":38},"5":{"name":"(anonymous_5)","decl":{"start":{"line":49,"column":2},"end":{"line":49,"column":3}},"loc":{"start":{"line":49,"column":35},"end":{"line":61,"column":3}},"line":49},"6":{"name":"(anonymous_6)","decl":{"start":{"line":63,"column":2},"end":{"line":63,"column":3}},"loc":{"start":{"line":63,"column":24},"end":{"line":73,"column":3}},"line":63},"7":{"name":"(anonymous_7)","decl":{"start":{"line":75,"column":2},"end":{"line":75,"column":3}},"loc":{"start":{"line":75,"column":25},"end":{"line":87,"column":3}},"line":75}},"branchMap":{"0":{"loc":{"start":{"line":76,"column":4},"end":{"line":76,"column":49}},"type":"if","locations":[{"start":{"line":76,"column":4},"end":{"line":76,"column":49}},{"start":{},"end":{}}],"line":76}},"s":{"0":1,"1":1,"2":3,"3":7,"4":5,"5":7,"6":3,"7":3,"8":3,"9":3,"10":3,"11":0,"12":0,"13":0,"14":0,"15":0,"16":0,"17":0,"18":1,"19":1,"20":1,"21":1,"22":0,"23":2,"24":1,"25":1,"26":1,"27":1,"28":1,"29":0},"f":{"0":3,"1":7,"2":5,"3":7,"4":3,"5":0,"6":1,"7":2},"b":{"0":[1,1]},"_coverageSchema":"1a1c01bbd47fc00a2c39e90264f33305004495a9","hash":"bbeffc8f6eecc9b03ed3a690286e840de310c886"}
,"/Users/romanusov/code/js_studies/atm-cli-unit-test/src/FileSystem.js": {"path":"/Users/romanusov/code/js_studies/atm-cli-unit-test/src/FileSystem.js","statementMap":{"0":{"start":{"line":1,"column":11},"end":{"line":1,"column":24}},"1":{"start":{"line":2,"column":13},"end":{"line":2,"column":28}},"2":{"start":{"line":4,"column":0},"end":{"line":28,"column":2}},"3":{"start":{"line":6,"column":21},"end":{"line":6,"column":51}},"4":{"start":{"line":7,"column":4},"end":{"line":14,"column":7}},"5":{"start":{"line":8,"column":6},"end":{"line":13,"column":9}},"6":{"start":{"line":9,"column":8},"end":{"line":11,"column":9}},"7":{"start":{"line":10,"column":10},"end":{"line":10,"column":29}},"8":{"start":{"line":12,"column":8},"end":{"line":12,"column":29}},"9":{"start":{"line":18,"column":21},"end":{"line":18,"column":51}},"10":{"start":{"line":19,"column":4},"end":{"line":26,"column":7}},"11":{"start":{"line":20,"column":6},"end":{"line":25,"column":9}},"12":{"start":{"line":21,"column":8},"end":{"line":23,"column":9}},"13":{"start":{"line":22,"column":10},"end":{"line":22,"column":29}},"14":{"start":{"line":24,"column":8},"end":{"line":24,"column":25}}},"fnMap":{"0":{"name":"(anonymous_0)","decl":{"start":{"line":5,"column":2},"end":{"line":5,"column":3}},"loc":{"start":{"line":5,"column":24},"end":{"line":15,"column":3}},"line":5},"1":{"name":"(anonymous_1)","decl":{"start":{"line":7,"column":23},"end":{"line":7,"column":24}},"loc":{"start":{"line":7,"column":44},"end":{"line":14,"column":5}},"line":7},"2":{"name":"(anonymous_2)","decl":{"start":{"line":8,"column":28},"end":{"line":8,"column":29}},"loc":{"start":{"line":8,"column":43},"end":{"line":13,"column":7}},"line":8},"3":{"name":"(anonymous_3)","decl":{"start":{"line":17,"column":2},"end":{"line":17,"column":3}},"loc":{"start":{"line":17,"column":34},"end":{"line":27,"column":3}},"line":17},"4":{"name":"(anonymous_4)","decl":{"start":{"line":19,"column":23},"end":{"line":19,"column":24}},"loc":{"start":{"line":19,"column":44},"end":{"line":26,"column":5}},"line":19},"5":{"name":"(anonymous_5)","decl":{"start":{"line":20,"column":49},"end":{"line":20,"column":50}},"loc":{"start":{"line":20,"column":58},"end":{"line":25,"column":7}},"line":20}},"branchMap":{"0":{"loc":{"start":{"line":9,"column":8},"end":{"line":11,"column":9}},"type":"if","locations":[{"start":{"line":9,"column":8},"end":{"line":11,"column":9}},{"start":{},"end":{}}],"line":9},"1":{"loc":{"start":{"line":21,"column":8},"end":{"line":23,"column":9}},"type":"if","locations":[{"start":{"line":21,"column":8},"end":{"line":23,"column":9}},{"start":{},"end":{}}],"line":21}},"s":{"0":1,"1":1,"2":1,"3":0,"4":0,"5":0,"6":0,"7":0,"8":0,"9":0,"10":0,"11":0,"12":0,"13":0,"14":0},"f":{"0":0,"1":0,"2":0,"3":0,"4":0,"5":0},"b":{"0":[0,0],"1":[0,0]},"_coverageSchema":"1a1c01bbd47fc00a2c39e90264f33305004495a9","hash":"70ea544ae3a9d62e72770d69287bbab41b1618ff"}
}
